2022-11-13 21:52:03.582    INFO  com.chenyx.TodoSystemApplication - Starting TodoSystemApplication using Java 1.8.0_341 on Chenyx-macbook.local with PID 14240 (/Users/mac/Desktop/working/cesium-totd/WebServer/TodoSystem/TodoSystem-web/target/classes started by mac in /Users/mac/Desktop/working/cesium-totd/WebServer/TodoSystem)
2022-11-13 21:52:03.585    INFO  com.chenyx.TodoSystemApplication - The following profiles are active: dev
2022-11-13 21:52:05.248    INFO  org.springframework.data.repository.config.RepositoryConfigurationDelegate - Multiple Spring Data modules found, entering strict repository configuration mode!
2022-11-13 21:52:05.253    INFO  org.springframework.data.repository.config.RepositoryConfigurationDelegate - Bootstrapping Spring Data Redis repositories in DEFAULT mode.
2022-11-13 21:52:05.298    INFO  org.springframework.data.repository.config.RepositoryConfigurationDelegate - Finished Spring Data repository scanning in 35 ms. Found 0 Redis repository interfaces.
2022-11-13 21:52:06.013    INFO  org.springframework.boot.web.embedded.tomcat.TomcatWebServer - Tomcat initialized with port(s): 8080 (http)
2022-11-13 21:52:06.022    INFO  org.apache.coyote.http11.Http11NioProtocol - Initializing ProtocolHandler ["http-nio-8080"]
2022-11-13 21:52:06.022    INFO  org.apache.catalina.core.StandardService - Starting service [Tomcat]
2022-11-13 21:52:06.022    INFO  org.apache.catalina.core.StandardEngine - Starting Servlet engine: [Apache Tomcat/9.0.50]
2022-11-13 21:52:06.529    INFO  org.apache.jasper.servlet.TldScanner - At least one JAR was scanned for TLDs yet contained no TLDs. Enable debug logging for this logger for a complete list of JARs that were scanned but no TLDs were found in them. Skipping unneeded JARs during scanning can improve startup time and JSP compilation time.
2022-11-13 21:52:06.601    INFO  org.apache.catalina.core.ContainerBase.[Tomcat].[localhost].[/] - Initializing Spring embedded WebApplicationContext
2022-11-13 21:52:06.604    INFO  org.springframework.boot.web.servlet.context.ServletWebServerApplicationContext - Root WebApplicationContext: initialization completed in 2877 ms
2022-11-13 21:52:06.929    INFO  org.redisson.Version - Redisson 3.15.2
2022-11-13 21:52:06.965    WARN  io.netty.resolver.dns.DnsServerAddressStreamProviders - Can not find io.netty.resolver.dns.macos.MacOSDnsServerAddressStreamProvider in the classpath, fallback to system defaults. This may result in incorrect DNS resolutions on MacOS.
2022-11-13 21:52:07.359    INFO  org.redisson.connection.pool.MasterPubSubConnectionPool - 1 connections initialized for /127.0.0.1:6379
2022-11-13 21:52:07.411    INFO  org.redisson.connection.pool.MasterConnectionPool - 24 connections initialized for /127.0.0.1:6379
2022-11-13 21:52:09.041    WARN  com.baomidou.mybatisplus.core.injector.AbstractMethod - [com.chenyx.mapper.SystemLogMapper.insert] Has been loaded by XML or SqlProvider or Mybatis's Annotation, so ignoring this injection for [class com.baomidou.mybatisplus.core.injector.methods.Insert]
2022-11-13 21:52:11.253    INFO  org.springframework.boot.actuate.endpoint.web.EndpointLinksResolver - Exposing 1 endpoint(s) beneath base path '/actuator'
2022-11-13 21:52:11.432    INFO  org.apache.coyote.http11.Http11NioProtocol - Starting ProtocolHandler ["http-nio-8080"]
2022-11-13 21:52:11.446    INFO  org.springframework.boot.web.embedded.tomcat.TomcatWebServer - Tomcat started on port(s): 8080 (http) with context path ''
2022-11-13 21:52:11.469    INFO  com.chenyx.TodoSystemApplication - Started TodoSystemApplication in 9.324 seconds (JVM running for 10.541)
2022-11-13 21:52:11.730    INFO  com.zaxxer.hikari.HikariDataSource - HikariPool-1 - Starting...
2022-11-13 21:52:11.729    INFO  org.apache.catalina.core.ContainerBase.[Tomcat].[localhost].[/] - Initializing Spring DispatcherServlet 'dispatcherServlet'
2022-11-13 21:52:11.731    INFO  org.springframework.web.servlet.DispatcherServlet - Initializing Servlet 'dispatcherServlet'
2022-11-13 21:52:11.736    INFO  org.springframework.web.servlet.DispatcherServlet - Completed initialization in 4 ms
2022-11-13 21:52:12.431    INFO  com.zaxxer.hikari.HikariDataSource - HikariPool-1 - Start completed.
